2023-10-25 10:02:41,175 [WARN] - AuthorizationCodeStore not configured - falling back to InMemory
2023-10-25 10:02:41,198 [WARN] - TokenHandleStore not configured - falling back to InMemory
2023-10-25 10:02:41,198 [WARN] - ConsentStore not configured - falling back to InMemory
2023-10-25 10:02:41,198 [WARN] - RefreshTokenStore not configured - falling back to InMemory
2023-10-25 10:02:41,533 [WARN] - The signing certificate will expire in the next 30 days: 1/21/2020 4:00:00 AM
2023-10-25 10:26:02,944 [WARN] - AuthorizationCodeStore not configured - falling back to InMemory
2023-10-25 10:26:02,957 [WARN] - TokenHandleStore not configured - falling back to InMemory
2023-10-25 10:26:02,957 [WARN] - ConsentStore not configured - falling back to InMemory
2023-10-25 10:26:02,957 [WARN] - RefreshTokenStore not configured - falling back to InMemory
2023-10-25 10:26:03,206 [WARN] - The signing certificate will expire in the next 30 days: 1/21/2020 4:00:00 AM
2023-10-25 10:29:43,576 [WARN] - AuthorizationCodeStore not configured - falling back to InMemory
2023-10-25 10:29:43,588 [WARN] - TokenHandleStore not configured - falling back to InMemory
2023-10-25 10:29:43,588 [WARN] - ConsentStore not configured - falling back to InMemory
2023-10-25 10:29:43,588 [WARN] - RefreshTokenStore not configured - falling back to InMemory
2023-10-25 10:29:43,766 [WARN] - The signing certificate will expire in the next 30 days: 1/21/2020 4:00:00 AM
2023-10-25 10:32:36,496 [INFO] - CORS request made for path: /.well-known/openid-configuration from origin: http://localhost:24123
2023-10-25 10:32:36,505 [INFO] - AllowAll true, so origin: http://localhost:24123 is allowed
2023-10-25 10:32:36,505 [INFO] - CorsPolicyService allowed origin
2023-10-25 10:32:36,858 [INFO] - Start access token validation request
2023-10-25 10:32:36,861 [INFO] - Start access token validation request
2023-10-25 10:32:36,862 [INFO] - Start access token validation request
2023-10-25 10:32:36,862 [INFO] - Start access token validation request
2023-10-25 10:32:36,862 [INFO] - Start access token validation request
2023-10-25 10:32:36,865 [INFO] - Start discovery request
2023-10-25 10:32:36,877 [INFO] - Start access token validation
2023-10-25 10:32:36,878 [INFO] - Start access token validation
2023-10-25 10:32:36,878 [INFO] - Start access token validation
2023-10-25 10:32:36,879 [INFO] - Start access token validation
2023-10-25 10:32:36,880 [INFO] - Start access token validation
2023-10-25 10:32:36,988 [ERROR] - Token handle not found
{
  "ValidateLifetime": true,
  "AccessTokenType": "Reference",
  "TokenHandle": "undefined"
}
2023-10-25 10:32:36,988 [ERROR] - Token handle not found
{
  "ValidateLifetime": true,
  "AccessTokenType": "Reference",
  "TokenHandle": "undefined"
}
2023-10-25 10:32:36,988 [ERROR] - Token handle not found
{
  "ValidateLifetime": true,
  "AccessTokenType": "Reference",
  "TokenHandle": "undefined"
}
2023-10-25 10:32:36,988 [ERROR] - Token handle not found
{
  "ValidateLifetime": true,
  "AccessTokenType": "Reference",
  "TokenHandle": "undefined"
}
2023-10-25 10:32:36,988 [ERROR] - Token handle not found
{
  "ValidateLifetime": true,
  "AccessTokenType": "Reference",
  "TokenHandle": "undefined"
}
2023-10-25 10:32:36,989 [INFO] - Returning error: invalid_token
2023-10-25 10:32:36,989 [INFO] - Returning error: invalid_token
2023-10-25 10:32:36,990 [INFO] - Returning error: invalid_token
2023-10-25 10:32:36,990 [INFO] - Returning error: invalid_token
2023-10-25 10:32:36,990 [INFO] - Returning error: invalid_token
2023-10-25 10:32:37,093 [INFO] - CORS request made for path: /.well-known/openid-configuration from origin: http://localhost:24123
2023-10-25 10:32:37,095 [INFO] - AllowAll true, so origin: http://localhost:24123 is allowed
2023-10-25 10:32:37,095 [INFO] - CorsPolicyService allowed origin
2023-10-25 10:32:37,095 [INFO] - Start discovery request
2023-10-25 10:32:37,110 [INFO] - CORS request made for path: /.well-known/openid-configuration from origin: http://localhost:24123
2023-10-25 10:32:37,110 [INFO] - AllowAll true, so origin: http://localhost:24123 is allowed
2023-10-25 10:32:37,110 [INFO] - CorsPolicyService allowed origin
2023-10-25 10:32:37,110 [INFO] - Start discovery request
2023-10-25 10:32:37,133 [INFO] - CORS request made for path: /.well-known/openid-configuration from origin: http://localhost:24123
2023-10-25 10:32:37,133 [INFO] - AllowAll true, so origin: http://localhost:24123 is allowed
2023-10-25 10:32:37,133 [INFO] - CorsPolicyService allowed origin
2023-10-25 10:32:37,133 [INFO] - Start discovery request
2023-10-25 10:32:37,161 [INFO] - CORS request made for path: /.well-known/openid-configuration from origin: http://localhost:24123
2023-10-25 10:32:37,161 [INFO] - AllowAll true, so origin: http://localhost:24123 is allowed
2023-10-25 10:32:37,161 [INFO] - CorsPolicyService allowed origin
2023-10-25 10:32:37,161 [INFO] - Start discovery request
2023-10-25 10:32:37,170 [INFO] - Start authorize request
2023-10-25 10:32:37,186 [INFO] - Start authorize request protocol validation
2023-10-25 10:32:37,227 [INFO] - Authorize request validation success
 {
  "ClientId": "infinity-bnois-api-client",
  "ClientName": "Bangladesh Naval Officers Information System",
  "RedirectUri": "http://localhost:24123/callback.html",
  "AllowedRedirectUris": [
    "http://localhost:24123/callback.html",
    "http://localhost:24123/silent-renew.html"
  ],
  "SubjectId": "unknown",
  "ResponseType": "id_token token",
  "ResponseMode": "fragment",
  "Flow": "Implicit",
  "RequestedScopes": "openid profile infinity-bnois-api-scope infinity-bnois-identity-api-scope roles all_claims",
  "State": "9691435271668488",
  "Nonce": "5304296309543055",
  "Raw": {
    "state": "9691435271668488",
    "nonce": "5304296309543055",
    "client_id": "infinity-bnois-api-client",
    "redirect_uri": "http://localhost:24123/callback.html",
    "response_type": "id_token token",
    "scope": "openid profile infinity-bnois-api-scope infinity-bnois-identity-api-scope roles all_claims"
  }
}
2023-10-25 10:32:37,235 [INFO] - User is not authenticated. Redirecting to login.
2023-10-25 10:32:37,254 [INFO] - End authorize request
2023-10-25 10:32:37,254 [INFO] - Redirecting to login page
2023-10-25 10:32:37,295 [DEBUG] - Protecting message: {"ReturnUrl":"http://localhost:24116/core/connect/authorize?state=9691435271668488&nonce=5304296309543055&client_id=infinity-bnois-api-client&redirect_uri=http%3A%2F%2Flocalhost%3A24123%2Fcallback.html&response_type=id_token%20token&scope=openid%20profile%20infinity-bnois-api-scope%20infinity-bnois-identity-api-scope%20roles%20all_claims","ClientId":"infinity-bnois-api-client","AcrValues":[],"Created":638338051571693348}
2023-10-25 10:32:37,330 [INFO] - CORS request made for path: /.well-known/openid-configuration from origin: http://localhost:24123
2023-10-25 10:32:37,331 [INFO] - AllowAll true, so origin: http://localhost:24123 is allowed
2023-10-25 10:32:37,331 [INFO] - CorsPolicyService allowed origin
2023-10-25 10:32:37,331 [INFO] - Start discovery request
2023-10-25 10:32:37,430 [INFO] - Start authorize request
2023-10-25 10:32:37,430 [INFO] - Start authorize request protocol validation
2023-10-25 10:32:37,430 [INFO] - Authorize request validation success
 {
  "ClientId": "infinity-bnois-api-client",
  "ClientName": "Bangladesh Naval Officers Information System",
  "RedirectUri": "http://localhost:24123/callback.html",
  "AllowedRedirectUris": [
    "http://localhost:24123/callback.html",
    "http://localhost:24123/silent-renew.html"
  ],
  "SubjectId": "unknown",
  "ResponseType": "id_token token",
  "ResponseMode": "fragment",
  "Flow": "Implicit",
  "RequestedScopes": "openid profile infinity-bnois-api-scope infinity-bnois-identity-api-scope roles all_claims",
  "State": "34984954480864703",
  "Nonce": "12406533973897656",
  "Raw": {
    "state": "34984954480864703",
    "nonce": "12406533973897656",
    "client_id": "infinity-bnois-api-client",
    "redirect_uri": "http://localhost:24123/callback.html",
    "response_type": "id_token token",
    "scope": "openid profile infinity-bnois-api-scope infinity-bnois-identity-api-scope roles all_claims"
  }
}
2023-10-25 10:32:37,430 [INFO] - User is not authenticated. Redirecting to login.
2023-10-25 10:32:37,431 [INFO] - End authorize request
2023-10-25 10:32:37,431 [INFO] - Redirecting to login page
2023-10-25 10:32:37,431 [DEBUG] - Protecting message: {"ReturnUrl":"http://localhost:24116/core/connect/authorize?state=34984954480864703&nonce=12406533973897656&client_id=infinity-bnois-api-client&redirect_uri=http%3A%2F%2Flocalhost%3A24123%2Fcallback.html&response_type=id_token%20token&scope=openid%20profile%20infinity-bnois-api-scope%20infinity-bnois-identity-api-scope%20roles%20all_claims","ClientId":"infinity-bnois-api-client","AcrValues":[],"Created":638338051574304958}
2023-10-25 10:32:37,514 [INFO] - CORS request made for path: /.well-known/openid-configuration from origin: http://localhost:24123
2023-10-25 10:32:37,514 [INFO] - AllowAll true, so origin: http://localhost:24123 is allowed
2023-10-25 10:32:37,514 [INFO] - CorsPolicyService allowed origin
2023-10-25 10:32:37,514 [INFO] - Start discovery request
2023-10-25 10:32:37,520 [INFO] - CORS request made for path: /.well-known/openid-configuration from origin: http://localhost:24123
2023-10-25 10:32:37,522 [INFO] - AllowAll true, so origin: http://localhost:24123 is allowed
2023-10-25 10:32:37,522 [INFO] - CorsPolicyService allowed origin
2023-10-25 10:32:37,522 [INFO] - Start discovery request
2023-10-25 10:32:37,528 [INFO] - CORS request made for path: /.well-known/openid-configuration from origin: http://localhost:24123
2023-10-25 10:32:37,528 [INFO] - AllowAll true, so origin: http://localhost:24123 is allowed
2023-10-25 10:32:37,528 [INFO] - CorsPolicyService allowed origin
2023-10-25 10:32:37,530 [INFO] - Start discovery request
2023-10-25 10:32:37,545 [INFO] - Start authorize request
2023-10-25 10:32:37,545 [INFO] - Start authorize request protocol validation
2023-10-25 10:32:37,547 [INFO] - Authorize request validation success
 {
  "ClientId": "infinity-bnois-api-client",
  "ClientName": "Bangladesh Naval Officers Information System",
  "RedirectUri": "http://localhost:24123/callback.html",
  "AllowedRedirectUris": [
    "http://localhost:24123/callback.html",
    "http://localhost:24123/silent-renew.html"
  ],
  "SubjectId": "unknown",
  "ResponseType": "id_token token",
  "ResponseMode": "fragment",
  "Flow": "Implicit",
  "RequestedScopes": "openid profile infinity-bnois-api-scope infinity-bnois-identity-api-scope roles all_claims",
  "State": "15743141615129265",
  "Nonce": "11638280317102095",
  "Raw": {
    "state": "15743141615129265",
    "nonce": "11638280317102095",
    "client_id": "infinity-bnois-api-client",
    "redirect_uri": "http://localhost:24123/callback.html",
    "response_type": "id_token token",
    "scope": "openid profile infinity-bnois-api-scope infinity-bnois-identity-api-scope roles all_claims"
  }
}
2023-10-25 10:32:37,547 [INFO] - User is not authenticated. Redirecting to login.
2023-10-25 10:32:37,547 [INFO] - End authorize request
2023-10-25 10:32:37,547 [INFO] - Redirecting to login page
2023-10-25 10:32:37,547 [DEBUG] - Protecting message: {"ReturnUrl":"http://localhost:24116/core/connect/authorize?state=15743141615129265&nonce=11638280317102095&client_id=infinity-bnois-api-client&redirect_uri=http%3A%2F%2Flocalhost%3A24123%2Fcallback.html&response_type=id_token%20token&scope=openid%20profile%20infinity-bnois-api-scope%20infinity-bnois-identity-api-scope%20roles%20all_claims","ClientId":"infinity-bnois-api-client","AcrValues":[],"Created":638338051575457861}
2023-10-25 10:32:37,547 [INFO] - CORS request made for path: /.well-known/openid-configuration from origin: http://localhost:24123
2023-10-25 10:32:37,547 [INFO] - AllowAll true, so origin: http://localhost:24123 is allowed
2023-10-25 10:32:37,547 [INFO] - CorsPolicyService allowed origin
2023-10-25 10:32:37,549 [INFO] - Start discovery request
2023-10-25 10:32:37,557 [INFO] - CORS request made for path: /.well-known/openid-configuration from origin: http://localhost:24123
2023-10-25 10:32:37,558 [INFO] - AllowAll true, so origin: http://localhost:24123 is allowed
2023-10-25 10:32:37,558 [INFO] - CorsPolicyService allowed origin
2023-10-25 10:32:37,558 [INFO] - Start discovery request
2023-10-25 10:32:37,563 [INFO] - CORS request made for path: /.well-known/openid-configuration from origin: http://localhost:24123
2023-10-25 10:32:37,563 [INFO] - AllowAll true, so origin: http://localhost:24123 is allowed
2023-10-25 10:32:37,563 [INFO] - CorsPolicyService allowed origin
2023-10-25 10:32:37,563 [INFO] - Start discovery request
2023-10-25 10:32:37,589 [INFO] - Start authorize request
2023-10-25 10:32:37,589 [INFO] - Start authorize request protocol validation
2023-10-25 10:32:37,590 [INFO] - Authorize request validation success
 {
  "ClientId": "infinity-bnois-api-client",
  "ClientName": "Bangladesh Naval Officers Information System",
  "RedirectUri": "http://localhost:24123/callback.html",
  "AllowedRedirectUris": [
    "http://localhost:24123/callback.html",
    "http://localhost:24123/silent-renew.html"
  ],
  "SubjectId": "unknown",
  "ResponseType": "id_token token",
  "ResponseMode": "fragment",
  "Flow": "Implicit",
  "RequestedScopes": "openid profile infinity-bnois-api-scope infinity-bnois-identity-api-scope roles all_claims",
  "State": "11955302478147178",
  "Nonce": "1447253199213155",
  "Raw": {
    "state": "11955302478147178",
    "nonce": "1447253199213155",
    "client_id": "infinity-bnois-api-client",
    "redirect_uri": "http://localhost:24123/callback.html",
    "response_type": "id_token token",
    "scope": "openid profile infinity-bnois-api-scope infinity-bnois-identity-api-scope roles all_claims"
  }
}
2023-10-25 10:32:37,590 [INFO] - User is not authenticated. Redirecting to login.
2023-10-25 10:32:37,590 [INFO] - End authorize request
2023-10-25 10:32:37,590 [INFO] - Redirecting to login page
2023-10-25 10:32:37,590 [DEBUG] - Protecting message: {"ReturnUrl":"http://localhost:24116/core/connect/authorize?state=11955302478147178&nonce=1447253199213155&client_id=infinity-bnois-api-client&redirect_uri=http%3A%2F%2Flocalhost%3A24123%2Fcallback.html&response_type=id_token%20token&scope=openid%20profile%20infinity-bnois-api-scope%20infinity-bnois-identity-api-scope%20roles%20all_claims","ClientId":"infinity-bnois-api-client","AcrValues":[],"Created":638338051575893594}
2023-10-25 10:32:37,636 [INFO] - Login page requested
2023-10-25 10:32:37,697 [DEBUG] - signin message passed to login: {
  "ReturnUrl": "http://localhost:24116/core/connect/authorize?state=11955302478147178&nonce=1447253199213155&client_id=infinity-bnois-api-client&redirect_uri=http%3A%2F%2Flocalhost%3A24123%2Fcallback.html&response_type=id_token%20token&scope=openid%20profile%20infinity-bnois-api-scope%20infinity-bnois-identity-api-scope%20roles%20all_claims",
  "ClientId": "infinity-bnois-api-client",
  "IdP": null,
  "Tenant": null,
  "LoginHint": null,
  "DisplayMode": null,
  "UiLocales": null,
  "AcrValues": [],
  "Created": 638338051575893594
}
2023-10-25 10:32:37,710 [INFO] - rendering login page
2023-10-25 10:32:43,107 [ERROR] - Unhandled exception thrown in GET for request http://localhost:24116/api/Configuration/modules/get-module-features: System.NullReferenceException: Object reference not set to an instance of an object.
   at Infinity.Bnois.Configuration.ModuleService.GetModuleFeatures(FeatureType featureTypeId) in E:\SIMEC-BNOIS-Upgradation-2023\Infinity.Bnois\Infinity.Bnois.Configuration\ModuleService.cs:line 100
   at Infinity.Bnois.Api.Web.Controllers.ModulesController.GetModuleFeatures() in E:\SIMEC-BNOIS-Upgradation-2023\Infinity.Bnois\Infinity.Bnois.Api.Web\Controllers\ModulesController.cs:line 108
   at lambda_method(Closure , Object , Object[] )
   at System.Web.Http.Controllers.ReflectedHttpActionDescriptor.ActionExecutor.<>c__DisplayClass6_1.<GetExecutor>b__3(Object instance, Object[] methodParameters)
   at System.Web.Http.Controllers.ReflectedHttpActionDescriptor.ExecuteAsync(HttpControllerContext controllerContext, IDictionary`2 arguments, CancellationToken cancellationToken)
--- End of stack trace from previous location where exception was thrown ---
   at System.Runtime.ExceptionServices.ExceptionDispatchInfo.Throw()
   at System.Runtime.CompilerServices.TaskAwaiter.HandleNonSuccessAndDebuggerNotification(Task task)
   at System.Web.Http.Controllers.ApiControllerActionInvoker.<InvokeActionAsyncCore>d__1.MoveNext()
--- End of stack trace from previous location where exception was thrown ---
   at System.Runtime.ExceptionServices.ExceptionDispatchInfo.Throw()
   at System.Runtime.CompilerServices.TaskAwaiter.HandleNonSuccessAndDebuggerNotification(Task task)
   at System.Web.Http.Filters.ActionFilterAttribute.<CallOnActionExecutedAsync>d__6.MoveNext()
--- End of stack trace from previous location where exception was thrown ---
   at System.Runtime.ExceptionServices.ExceptionDispatchInfo.Throw()
   at System.Web.Http.Filters.ActionFilterAttribute.<CallOnActionExecutedAsync>d__6.MoveNext()
--- End of stack trace from previous location where exception was thrown ---
   at System.Runtime.ExceptionServices.ExceptionDispatchInfo.Throw()
   at System.Runtime.CompilerServices.TaskAwaiter.HandleNonSuccessAndDebuggerNotification(Task task)
   at System.Web.Http.Filters.ActionFilterAttribute.<ExecuteActionFilterAsyncCore>d__5.MoveNext()
--- End of stack trace from previous location where exception was thrown ---
   at System.Runtime.ExceptionServices.ExceptionDispatchInfo.Throw()
   at System.Runtime.CompilerServices.TaskAwaiter.HandleNonSuccessAndDebuggerNotification(Task task)
   at System.Web.Http.Controllers.ActionFilterResult.<ExecuteAsync>d__5.MoveNext()
--- End of stack trace from previous location where exception was thrown ---
   at System.Runtime.ExceptionServices.ExceptionDispatchInfo.Throw()
   at System.Runtime.CompilerServices.TaskAwaiter.HandleNonSuccessAndDebuggerNotification(Task task)
   at System.Web.Http.Filters.AuthorizationFilterAttribute.<ExecuteAuthorizationFilterAsyncCore>d__3.MoveNext()
--- End of stack trace from previous location where exception was thrown ---
   at System.Runtime.ExceptionServices.ExceptionDispatchInfo.Throw()
   at System.Runtime.CompilerServices.TaskAwaiter.HandleNonSuccessAndDebuggerNotification(Task task)
   at System.Web.Http.Filters.AuthorizationFilterAttribute.<ExecuteAuthorizationFilterAsyncCore>d__3.MoveNext()
--- End of stack trace from previous location where exception was thrown ---
   at System.Runtime.ExceptionServices.ExceptionDispatchInfo.Throw()
   at System.Runtime.CompilerServices.TaskAwaiter.HandleNonSuccessAndDebuggerNotification(Task task)
   at System.Web.Http.Controllers.AuthenticationFilterResult.<ExecuteAsync>d__5.MoveNext()
--- End of stack trace from previous location where exception was thrown ---
   at System.Runtime.ExceptionServices.ExceptionDispatchInfo.Throw()
   at System.Runtime.CompilerServices.TaskAwaiter.HandleNonSuccessAndDebuggerNotification(Task task)
   at System.Web.Http.Dispatcher.HttpControllerDispatcher.<SendAsync>d__15.MoveNext()
2023-10-25 10:32:50,136 [INFO] - Login page submitted
2023-10-25 10:32:50,519 [INFO] - Login credentials successfully validated by user service
2023-10-25 10:32:50,542 [INFO] - Calling PostAuthenticateAsync on the user service
2023-10-25 10:32:50,546 [INFO] - issuing primary signin cookie
2023-10-25 10:32:50,550 [INFO] - redirecting to: http://localhost:24116/core/connect/authorize?state=11955302478147178&nonce=1447253199213155&client_id=infinity-bnois-api-client&redirect_uri=http:%2F%2Flocalhost:24123%2Fcallback.html&response_type=id_token token&scope=openid profile infinity-bnois-api-scope infinity-bnois-identity-api-scope roles all_claims
2023-10-25 10:32:50,583 [INFO] - Start authorize request
2023-10-25 10:32:50,583 [INFO] - Start authorize request protocol validation
2023-10-25 10:32:50,585 [INFO] - Authorize request validation success
 {
  "ClientId": "infinity-bnois-api-client",
  "ClientName": "Bangladesh Naval Officers Information System",
  "RedirectUri": "http://localhost:24123/callback.html",
  "AllowedRedirectUris": [
    "http://localhost:24123/callback.html",
    "http://localhost:24123/silent-renew.html"
  ],
  "SubjectId": "78ea3d76-95fe-48df-8a3a-16d428e4c329",
  "ResponseType": "id_token token",
  "ResponseMode": "fragment",
  "Flow": "Implicit",
  "RequestedScopes": "openid profile infinity-bnois-api-scope infinity-bnois-identity-api-scope roles all_claims",
  "State": "11955302478147178",
  "Nonce": "1447253199213155",
  "SessionId": "50e8039313674f90b73a750eb2cc67c7",
  "Raw": {
    "state": "11955302478147178",
    "nonce": "1447253199213155",
    "client_id": "infinity-bnois-api-client",
    "redirect_uri": "http://localhost:24123/callback.html",
    "response_type": "id_token token",
    "scope": "openid profile infinity-bnois-api-scope infinity-bnois-identity-api-scope roles all_claims"
  }
}
2023-10-25 10:32:50,624 [INFO] - Creating Implicit Flow response.
2023-10-25 10:32:50,627 [DEBUG] - Creating access token
2023-10-25 10:32:50,672 [DEBUG] - Creating JWT access token
2023-10-25 10:32:50,787 [DEBUG] - Creating identity token
2023-10-25 10:32:50,787 [INFO] - Getting claims for identity token for subject: 78ea3d76-95fe-48df-8a3a-16d428e4c329
2023-10-25 10:32:50,787 [INFO] - All claims rule found - emitting all claims for user.
2023-10-25 10:32:50,810 [DEBUG] - Creating JWT identity token
2023-10-25 10:32:50,816 [DEBUG] - Adding client infinity-bnois-api-client to client list cookie for subject 78ea3d76-95fe-48df-8a3a-16d428e4c329
2023-10-25 10:32:50,820 [INFO] - End authorize request
2023-10-25 10:32:50,823 [INFO] - Redirecting to: http://localhost:24123/callback.html
2023-10-25 10:32:50,848 [INFO] - CORS request made for path: /.well-known/openid-configuration from origin: http://localhost:24123
2023-10-25 10:32:50,848 [INFO] - AllowAll true, so origin: http://localhost:24123 is allowed
2023-10-25 10:32:50,848 [INFO] - CorsPolicyService allowed origin
2023-10-25 10:32:50,849 [INFO] - Start discovery request
2023-10-25 10:32:50,856 [INFO] - CORS request made for path: /.well-known/jwks from origin: http://localhost:24123
2023-10-25 10:32:50,856 [INFO] - AllowAll true, so origin: http://localhost:24123 is allowed
2023-10-25 10:32:50,856 [INFO] - CorsPolicyService allowed origin
2023-10-25 10:32:50,862 [INFO] - Start key discovery request
2023-10-25 10:32:51,234 [INFO] - Start access token validation request
2023-10-25 10:32:51,234 [INFO] - Start access token validation
2023-10-25 10:32:51,234 [INFO] - Start access token validation request
2023-10-25 10:32:51,234 [INFO] - Start access token validation
2023-10-25 10:32:51,292 [INFO] - Start access token validation request
2023-10-25 10:32:51,292 [INFO] - Start access token validation
2023-10-25 10:32:51,351 [INFO] - Start access token validation request
2023-10-25 10:32:51,353 [INFO] - Start access token validation
2023-10-25 10:32:51,353 [INFO] - Start access token validation request
2023-10-25 10:32:51,353 [INFO] - Start access token validation
2023-10-25 10:32:51,909 [INFO] - Token validation success
{
  "ValidateLifetime": true,
  "AccessTokenType": "Jwt",
  "Claims": {
    "iss": "http://localhost:24116",
    "aud": "http://localhost:24116/resources",
    "exp": "1698211970",
    "nbf": "1698208370",
    "client_id": "infinity-bnois-api-client",
    "scope": [
      "openid",
      "profile",
      "infinity-bnois-api-scope",
      "infinity-bnois-identity-api-scope",
      "roles",
      "all_claims"
    ],
    "sub": "78ea3d76-95fe-48df-8a3a-16d428e4c329",
    "auth_time": "1698208370",
    "idp": "idsrv",
    "preferred_username": "SOIT",
    "email": "soit1234@gmail.com",
    "email_verified": "false",
    "phone_number": "01769702030",
    "phone_number_verified": "false",
    "role": "System Administrator : SO(IT), In-Charge Data Room",
    "given_name": "SO (IT)",
    "family_name": "(System Administrator)",
    "culture_code": "en-US",
    "user_id": "78ea3d76-95fe-48df-8a3a-16d428e4c329",
    "role_id": "15abe3a1-2df6-4a3d-9cda-a606a0602b34",
    "amr": "password"
  }
}
2023-10-25 10:32:51,909 [INFO] - End access token validation request
2023-10-25 10:32:51,925 [INFO] - Token validation success
{
  "ValidateLifetime": true,
  "AccessTokenType": "Jwt",
  "Claims": {
    "iss": "http://localhost:24116",
    "aud": "http://localhost:24116/resources",
    "exp": "1698211970",
    "nbf": "1698208370",
    "client_id": "infinity-bnois-api-client",
    "scope": [
      "openid",
      "profile",
      "infinity-bnois-api-scope",
      "infinity-bnois-identity-api-scope",
      "roles",
      "all_claims"
    ],
    "sub": "78ea3d76-95fe-48df-8a3a-16d428e4c329",
    "auth_time": "1698208370",
    "idp": "idsrv",
    "preferred_username": "SOIT",
    "email": "soit1234@gmail.com",
    "email_verified": "false",
    "phone_number": "01769702030",
    "phone_number_verified": "false",
    "role": "System Administrator : SO(IT), In-Charge Data Room",
    "given_name": "SO (IT)",
    "family_name": "(System Administrator)",
    "culture_code": "en-US",
    "user_id": "78ea3d76-95fe-48df-8a3a-16d428e4c329",
    "role_id": "15abe3a1-2df6-4a3d-9cda-a606a0602b34",
    "amr": "password"
  }
}
2023-10-25 10:32:51,925 [INFO] - End access token validation request
2023-10-25 10:32:51,925 [INFO] - Token validation success
{
  "ValidateLifetime": true,
  "AccessTokenType": "Jwt",
  "Claims": {
    "iss": "http://localhost:24116",
    "aud": "http://localhost:24116/resources",
    "exp": "1698211970",
    "nbf": "1698208370",
    "client_id": "infinity-bnois-api-client",
    "scope": [
      "openid",
      "profile",
      "infinity-bnois-api-scope",
      "infinity-bnois-identity-api-scope",
      "roles",
      "all_claims"
    ],
    "sub": "78ea3d76-95fe-48df-8a3a-16d428e4c329",
    "auth_time": "1698208370",
    "idp": "idsrv",
    "preferred_username": "SOIT",
    "email": "soit1234@gmail.com",
    "email_verified": "false",
    "phone_number": "01769702030",
    "phone_number_verified": "false",
    "role": "System Administrator : SO(IT), In-Charge Data Room",
    "given_name": "SO (IT)",
    "family_name": "(System Administrator)",
    "culture_code": "en-US",
    "user_id": "78ea3d76-95fe-48df-8a3a-16d428e4c329",
    "role_id": "15abe3a1-2df6-4a3d-9cda-a606a0602b34",
    "amr": "password"
  }
}
2023-10-25 10:32:51,925 [INFO] - End access token validation request
2023-10-25 10:32:51,941 [INFO] - Token validation success
{
  "ValidateLifetime": true,
  "AccessTokenType": "Jwt",
  "Claims": {
    "iss": "http://localhost:24116",
    "aud": "http://localhost:24116/resources",
    "exp": "1698211970",
    "nbf": "1698208370",
    "client_id": "infinity-bnois-api-client",
    "scope": [
      "openid",
      "profile",
      "infinity-bnois-api-scope",
      "infinity-bnois-identity-api-scope",
      "roles",
      "all_claims"
    ],
    "sub": "78ea3d76-95fe-48df-8a3a-16d428e4c329",
    "auth_time": "1698208370",
    "idp": "idsrv",
    "preferred_username": "SOIT",
    "email": "soit1234@gmail.com",
    "email_verified": "false",
    "phone_number": "01769702030",
    "phone_number_verified": "false",
    "role": "System Administrator : SO(IT), In-Charge Data Room",
    "given_name": "SO (IT)",
    "family_name": "(System Administrator)",
    "culture_code": "en-US",
    "user_id": "78ea3d76-95fe-48df-8a3a-16d428e4c329",
    "role_id": "15abe3a1-2df6-4a3d-9cda-a606a0602b34",
    "amr": "password"
  }
}
2023-10-25 10:32:51,941 [INFO] - End access token validation request
2023-10-25 10:32:51,941 [INFO] - Token validation success
{
  "ValidateLifetime": true,
  "AccessTokenType": "Jwt",
  "Claims": {
    "iss": "http://localhost:24116",
    "aud": "http://localhost:24116/resources",
    "exp": "1698211970",
    "nbf": "1698208370",
    "client_id": "infinity-bnois-api-client",
    "scope": [
      "openid",
      "profile",
      "infinity-bnois-api-scope",
      "infinity-bnois-identity-api-scope",
      "roles",
      "all_claims"
    ],
    "sub": "78ea3d76-95fe-48df-8a3a-16d428e4c329",
    "auth_time": "1698208370",
    "idp": "idsrv",
    "preferred_username": "SOIT",
    "email": "soit1234@gmail.com",
    "email_verified": "false",
    "phone_number": "01769702030",
    "phone_number_verified": "false",
    "role": "System Administrator : SO(IT), In-Charge Data Room",
    "given_name": "SO (IT)",
    "family_name": "(System Administrator)",
    "culture_code": "en-US",
    "user_id": "78ea3d76-95fe-48df-8a3a-16d428e4c329",
    "role_id": "15abe3a1-2df6-4a3d-9cda-a606a0602b34",
    "amr": "password"
  }
}
2023-10-25 10:32:51,941 [INFO] - End access token validation request
2023-10-25 10:34:49,843 [INFO] - Start access token validation request
2023-10-25 10:34:49,843 [INFO] - Start access token validation
2023-10-25 10:34:49,865 [INFO] - Token validation success
{
  "ValidateLifetime": true,
  "AccessTokenType": "Jwt",
  "Claims": {
    "iss": "http://localhost:24116",
    "aud": "http://localhost:24116/resources",
    "exp": "1698211970",
    "nbf": "1698208370",
    "client_id": "infinity-bnois-api-client",
    "scope": [
      "openid",
      "profile",
      "infinity-bnois-api-scope",
      "infinity-bnois-identity-api-scope",
      "roles",
      "all_claims"
    ],
    "sub": "78ea3d76-95fe-48df-8a3a-16d428e4c329",
    "auth_time": "1698208370",
    "idp": "idsrv",
    "preferred_username": "SOIT",
    "email": "soit1234@gmail.com",
    "email_verified": "false",
    "phone_number": "01769702030",
    "phone_number_verified": "false",
    "role": "System Administrator : SO(IT), In-Charge Data Room",
    "given_name": "SO (IT)",
    "family_name": "(System Administrator)",
    "culture_code": "en-US",
    "user_id": "78ea3d76-95fe-48df-8a3a-16d428e4c329",
    "role_id": "15abe3a1-2df6-4a3d-9cda-a606a0602b34",
    "amr": "password"
  }
}
2023-10-25 10:34:49,866 [INFO] - End access token validation request
2023-10-25 10:34:54,070 [INFO] - Start access token validation request
2023-10-25 10:34:54,070 [INFO] - Start access token validation
2023-10-25 10:34:54,089 [INFO] - Token validation success
{
  "ValidateLifetime": true,
  "AccessTokenType": "Jwt",
  "Claims": {
    "iss": "http://localhost:24116",
    "aud": "http://localhost:24116/resources",
    "exp": "1698211970",
    "nbf": "1698208370",
    "client_id": "infinity-bnois-api-client",
    "scope": [
      "openid",
      "profile",
      "infinity-bnois-api-scope",
      "infinity-bnois-identity-api-scope",
      "roles",
      "all_claims"
    ],
    "sub": "78ea3d76-95fe-48df-8a3a-16d428e4c329",
    "auth_time": "1698208370",
    "idp": "idsrv",
    "preferred_username": "SOIT",
    "email": "soit1234@gmail.com",
    "email_verified": "false",
    "phone_number": "01769702030",
    "phone_number_verified": "false",
    "role": "System Administrator : SO(IT), In-Charge Data Room",
    "given_name": "SO (IT)",
    "family_name": "(System Administrator)",
    "culture_code": "en-US",
    "user_id": "78ea3d76-95fe-48df-8a3a-16d428e4c329",
    "role_id": "15abe3a1-2df6-4a3d-9cda-a606a0602b34",
    "amr": "password"
  }
}
2023-10-25 10:34:54,089 [INFO] - End access token validation request
2023-10-25 10:35:03,296 [INFO] - Start access token validation request
2023-10-25 10:35:03,296 [INFO] - Start access token validation
2023-10-25 10:35:03,315 [INFO] - Token validation success
{
  "ValidateLifetime": true,
  "AccessTokenType": "Jwt",
  "Claims": {
    "iss": "http://localhost:24116",
    "aud": "http://localhost:24116/resources",
    "exp": "1698211970",
    "nbf": "1698208370",
    "client_id": "infinity-bnois-api-client",
    "scope": [
      "openid",
      "profile",
      "infinity-bnois-api-scope",
      "infinity-bnois-identity-api-scope",
      "roles",
      "all_claims"
    ],
    "sub": "78ea3d76-95fe-48df-8a3a-16d428e4c329",
    "auth_time": "1698208370",
    "idp": "idsrv",
    "preferred_username": "SOIT",
    "email": "soit1234@gmail.com",
    "email_verified": "false",
    "phone_number": "01769702030",
    "phone_number_verified": "false",
    "role": "System Administrator : SO(IT), In-Charge Data Room",
    "given_name": "SO (IT)",
    "family_name": "(System Administrator)",
    "culture_code": "en-US",
    "user_id": "78ea3d76-95fe-48df-8a3a-16d428e4c329",
    "role_id": "15abe3a1-2df6-4a3d-9cda-a606a0602b34",
    "amr": "password"
  }
}
2023-10-25 10:35:03,315 [INFO] - End access token validation request
2023-10-25 10:35:11,017 [INFO] - Start access token validation request
2023-10-25 10:35:11,017 [INFO] - Start access token validation
2023-10-25 10:35:11,042 [INFO] - Token validation success
{
  "ValidateLifetime": true,
  "AccessTokenType": "Jwt",
  "Claims": {
    "iss": "http://localhost:24116",
    "aud": "http://localhost:24116/resources",
    "exp": "1698211970",
    "nbf": "1698208370",
    "client_id": "infinity-bnois-api-client",
    "scope": [
      "openid",
      "profile",
      "infinity-bnois-api-scope",
      "infinity-bnois-identity-api-scope",
      "roles",
      "all_claims"
    ],
    "sub": "78ea3d76-95fe-48df-8a3a-16d428e4c329",
    "auth_time": "1698208370",
    "idp": "idsrv",
    "preferred_username": "SOIT",
    "email": "soit1234@gmail.com",
    "email_verified": "false",
    "phone_number": "01769702030",
    "phone_number_verified": "false",
    "role": "System Administrator : SO(IT), In-Charge Data Room",
    "given_name": "SO (IT)",
    "family_name": "(System Administrator)",
    "culture_code": "en-US",
    "user_id": "78ea3d76-95fe-48df-8a3a-16d428e4c329",
    "role_id": "15abe3a1-2df6-4a3d-9cda-a606a0602b34",
    "amr": "password"
  }
}
2023-10-25 10:35:11,042 [INFO] - End access token validation request
2023-10-25 10:35:19,089 [INFO] - Start access token validation request
2023-10-25 10:35:19,090 [INFO] - Start access token validation
2023-10-25 10:35:19,106 [INFO] - Token validation success
{
  "ValidateLifetime": true,
  "AccessTokenType": "Jwt",
  "Claims": {
    "iss": "http://localhost:24116",
    "aud": "http://localhost:24116/resources",
    "exp": "1698211970",
    "nbf": "1698208370",
    "client_id": "infinity-bnois-api-client",
    "scope": [
      "openid",
      "profile",
      "infinity-bnois-api-scope",
      "infinity-bnois-identity-api-scope",
      "roles",
      "all_claims"
    ],
    "sub": "78ea3d76-95fe-48df-8a3a-16d428e4c329",
    "auth_time": "1698208370",
    "idp": "idsrv",
    "preferred_username": "SOIT",
    "email": "soit1234@gmail.com",
    "email_verified": "false",
    "phone_number": "01769702030",
    "phone_number_verified": "false",
    "role": "System Administrator : SO(IT), In-Charge Data Room",
    "given_name": "SO (IT)",
    "family_name": "(System Administrator)",
    "culture_code": "en-US",
    "user_id": "78ea3d76-95fe-48df-8a3a-16d428e4c329",
    "role_id": "15abe3a1-2df6-4a3d-9cda-a606a0602b34",
    "amr": "password"
  }
}
2023-10-25 10:35:19,106 [INFO] - End access token validation request
2023-10-25 10:35:20,986 [INFO] - Start access token validation request
2023-10-25 10:35:20,986 [INFO] - Start access token validation
2023-10-25 10:35:21,002 [INFO] - Token validation success
{
  "ValidateLifetime": true,
  "AccessTokenType": "Jwt",
  "Claims": {
    "iss": "http://localhost:24116",
    "aud": "http://localhost:24116/resources",
    "exp": "1698211970",
    "nbf": "1698208370",
    "client_id": "infinity-bnois-api-client",
    "scope": [
      "openid",
      "profile",
      "infinity-bnois-api-scope",
      "infinity-bnois-identity-api-scope",
      "roles",
      "all_claims"
    ],
    "sub": "78ea3d76-95fe-48df-8a3a-16d428e4c329",
    "auth_time": "1698208370",
    "idp": "idsrv",
    "preferred_username": "SOIT",
    "email": "soit1234@gmail.com",
    "email_verified": "false",
    "phone_number": "01769702030",
    "phone_number_verified": "false",
    "role": "System Administrator : SO(IT), In-Charge Data Room",
    "given_name": "SO (IT)",
    "family_name": "(System Administrator)",
    "culture_code": "en-US",
    "user_id": "78ea3d76-95fe-48df-8a3a-16d428e4c329",
    "role_id": "15abe3a1-2df6-4a3d-9cda-a606a0602b34",
    "amr": "password"
  }
}
2023-10-25 10:35:21,002 [INFO] - End access token validation request
2023-10-25 10:35:25,250 [INFO] - Start access token validation request
2023-10-25 10:35:25,250 [INFO] - Start access token validation
2023-10-25 10:35:25,266 [INFO] - Token validation success
{
  "ValidateLifetime": true,
  "AccessTokenType": "Jwt",
  "Claims": {
    "iss": "http://localhost:24116",
    "aud": "http://localhost:24116/resources",
    "exp": "1698211970",
    "nbf": "1698208370",
    "client_id": "infinity-bnois-api-client",
    "scope": [
      "openid",
      "profile",
      "infinity-bnois-api-scope",
      "infinity-bnois-identity-api-scope",
      "roles",
      "all_claims"
    ],
    "sub": "78ea3d76-95fe-48df-8a3a-16d428e4c329",
    "auth_time": "1698208370",
    "idp": "idsrv",
    "preferred_username": "SOIT",
    "email": "soit1234@gmail.com",
    "email_verified": "false",
    "phone_number": "01769702030",
    "phone_number_verified": "false",
    "role": "System Administrator : SO(IT), In-Charge Data Room",
    "given_name": "SO (IT)",
    "family_name": "(System Administrator)",
    "culture_code": "en-US",
    "user_id": "78ea3d76-95fe-48df-8a3a-16d428e4c329",
    "role_id": "15abe3a1-2df6-4a3d-9cda-a606a0602b34",
    "amr": "password"
  }
}
2023-10-25 10:35:25,266 [INFO] - End access token validation request
2023-10-25 10:35:25,410 [INFO] - Start access token validation request
2023-10-25 10:35:25,410 [INFO] - Start access token validation
2023-10-25 10:35:25,425 [INFO] - Token validation success
{
  "ValidateLifetime": true,
  "AccessTokenType": "Jwt",
  "Claims": {
    "iss": "http://localhost:24116",
    "aud": "http://localhost:24116/resources",
    "exp": "1698211970",
    "nbf": "1698208370",
    "client_id": "infinity-bnois-api-client",
    "scope": [
      "openid",
      "profile",
      "infinity-bnois-api-scope",
      "infinity-bnois-identity-api-scope",
      "roles",
      "all_claims"
    ],
    "sub": "78ea3d76-95fe-48df-8a3a-16d428e4c329",
    "auth_time": "1698208370",
    "idp": "idsrv",
    "preferred_username": "SOIT",
    "email": "soit1234@gmail.com",
    "email_verified": "false",
    "phone_number": "01769702030",
    "phone_number_verified": "false",
    "role": "System Administrator : SO(IT), In-Charge Data Room",
    "given_name": "SO (IT)",
    "family_name": "(System Administrator)",
    "culture_code": "en-US",
    "user_id": "78ea3d76-95fe-48df-8a3a-16d428e4c329",
    "role_id": "15abe3a1-2df6-4a3d-9cda-a606a0602b34",
    "amr": "password"
  }
}
2023-10-25 10:35:25,425 [INFO] - End access token validation request
2023-10-25 10:35:27,154 [INFO] - Start access token validation request
2023-10-25 10:35:27,154 [INFO] - Start access token validation
2023-10-25 10:35:27,170 [INFO] - Token validation success
{
  "ValidateLifetime": true,
  "AccessTokenType": "Jwt",
  "Claims": {
    "iss": "http://localhost:24116",
    "aud": "http://localhost:24116/resources",
    "exp": "1698211970",
    "nbf": "1698208370",
    "client_id": "infinity-bnois-api-client",
    "scope": [
      "openid",
      "profile",
      "infinity-bnois-api-scope",
      "infinity-bnois-identity-api-scope",
      "roles",
      "all_claims"
    ],
    "sub": "78ea3d76-95fe-48df-8a3a-16d428e4c329",
    "auth_time": "1698208370",
    "idp": "idsrv",
    "preferred_username": "SOIT",
    "email": "soit1234@gmail.com",
    "email_verified": "false",
    "phone_number": "01769702030",
    "phone_number_verified": "false",
    "role": "System Administrator : SO(IT), In-Charge Data Room",
    "given_name": "SO (IT)",
    "family_name": "(System Administrator)",
    "culture_code": "en-US",
    "user_id": "78ea3d76-95fe-48df-8a3a-16d428e4c329",
    "role_id": "15abe3a1-2df6-4a3d-9cda-a606a0602b34",
    "amr": "password"
  }
}
2023-10-25 10:35:27,170 [INFO] - End access token validation request
2023-10-25 10:35:30,127 [INFO] - Start access token validation request
2023-10-25 10:35:30,127 [INFO] - Start access token validation
2023-10-25 10:35:30,140 [INFO] - Token validation success
{
  "ValidateLifetime": true,
  "AccessTokenType": "Jwt",
  "Claims": {
    "iss": "http://localhost:24116",
    "aud": "http://localhost:24116/resources",
    "exp": "1698211970",
    "nbf": "1698208370",
    "client_id": "infinity-bnois-api-client",
    "scope": [
      "openid",
      "profile",
      "infinity-bnois-api-scope",
      "infinity-bnois-identity-api-scope",
      "roles",
      "all_claims"
    ],
    "sub": "78ea3d76-95fe-48df-8a3a-16d428e4c329",
    "auth_time": "1698208370",
    "idp": "idsrv",
    "preferred_username": "SOIT",
    "email": "soit1234@gmail.com",
    "email_verified": "false",
    "phone_number": "01769702030",
    "phone_number_verified": "false",
    "role": "System Administrator : SO(IT), In-Charge Data Room",
    "given_name": "SO (IT)",
    "family_name": "(System Administrator)",
    "culture_code": "en-US",
    "user_id": "78ea3d76-95fe-48df-8a3a-16d428e4c329",
    "role_id": "15abe3a1-2df6-4a3d-9cda-a606a0602b34",
    "amr": "password"
  }
}
2023-10-25 10:35:30,140 [INFO] - End access token validation request
2023-10-25 10:35:30,192 [INFO] - Start access token validation request
2023-10-25 10:35:30,192 [INFO] - Start access token validation
2023-10-25 10:35:30,207 [INFO] - Token validation success
{
  "ValidateLifetime": true,
  "AccessTokenType": "Jwt",
  "Claims": {
    "iss": "http://localhost:24116",
    "aud": "http://localhost:24116/resources",
    "exp": "1698211970",
    "nbf": "1698208370",
    "client_id": "infinity-bnois-api-client",
    "scope": [
      "openid",
      "profile",
      "infinity-bnois-api-scope",
      "infinity-bnois-identity-api-scope",
      "roles",
      "all_claims"
    ],
    "sub": "78ea3d76-95fe-48df-8a3a-16d428e4c329",
    "auth_time": "1698208370",
    "idp": "idsrv",
    "preferred_username": "SOIT",
    "email": "soit1234@gmail.com",
    "email_verified": "false",
    "phone_number": "01769702030",
    "phone_number_verified": "false",
    "role": "System Administrator : SO(IT), In-Charge Data Room",
    "given_name": "SO (IT)",
    "family_name": "(System Administrator)",
    "culture_code": "en-US",
    "user_id": "78ea3d76-95fe-48df-8a3a-16d428e4c329",
    "role_id": "15abe3a1-2df6-4a3d-9cda-a606a0602b34",
    "amr": "password"
  }
}
2023-10-25 10:35:30,207 [INFO] - End access token validation request
2023-10-25 10:35:34,251 [INFO] - Start access token validation request
2023-10-25 10:35:34,251 [INFO] - Start access token validation
2023-10-25 10:35:34,266 [INFO] - Token validation success
{
  "ValidateLifetime": true,
  "AccessTokenType": "Jwt",
  "Claims": {
    "iss": "http://localhost:24116",
    "aud": "http://localhost:24116/resources",
    "exp": "1698211970",
    "nbf": "1698208370",
    "client_id": "infinity-bnois-api-client",
    "scope": [
      "openid",
      "profile",
      "infinity-bnois-api-scope",
      "infinity-bnois-identity-api-scope",
      "roles",
      "all_claims"
    ],
    "sub": "78ea3d76-95fe-48df-8a3a-16d428e4c329",
    "auth_time": "1698208370",
    "idp": "idsrv",
    "preferred_username": "SOIT",
    "email": "soit1234@gmail.com",
    "email_verified": "false",
    "phone_number": "01769702030",
    "phone_number_verified": "false",
    "role": "System Administrator : SO(IT), In-Charge Data Room",
    "given_name": "SO (IT)",
    "family_name": "(System Administrator)",
    "culture_code": "en-US",
    "user_id": "78ea3d76-95fe-48df-8a3a-16d428e4c329",
    "role_id": "15abe3a1-2df6-4a3d-9cda-a606a0602b34",
    "amr": "password"
  }
}
2023-10-25 10:35:34,266 [INFO] - End access token validation request
2023-10-25 10:35:38,028 [INFO] - Start access token validation request
2023-10-25 10:35:38,028 [INFO] - Start access token validation
2023-10-25 10:35:38,041 [INFO] - Token validation success
{
  "ValidateLifetime": true,
  "AccessTokenType": "Jwt",
  "Claims": {
    "iss": "http://localhost:24116",
    "aud": "http://localhost:24116/resources",
    "exp": "1698211970",
    "nbf": "1698208370",
    "client_id": "infinity-bnois-api-client",
    "scope": [
      "openid",
      "profile",
      "infinity-bnois-api-scope",
      "infinity-bnois-identity-api-scope",
      "roles",
      "all_claims"
    ],
    "sub": "78ea3d76-95fe-48df-8a3a-16d428e4c329",
    "auth_time": "1698208370",
    "idp": "idsrv",
    "preferred_username": "SOIT",
    "email": "soit1234@gmail.com",
    "email_verified": "false",
    "phone_number": "01769702030",
    "phone_number_verified": "false",
    "role": "System Administrator : SO(IT), In-Charge Data Room",
    "given_name": "SO (IT)",
    "family_name": "(System Administrator)",
    "culture_code": "en-US",
    "user_id": "78ea3d76-95fe-48df-8a3a-16d428e4c329",
    "role_id": "15abe3a1-2df6-4a3d-9cda-a606a0602b34",
    "amr": "password"
  }
}
2023-10-25 10:35:38,041 [INFO] - End access token validation request
